<?xml version="1.0" encoding="UTF-8"?>
<testsuite xmlns:xsi="http://www.w3.org/2001/XMLSchema-instance" xsi:noNamespaceSchemaLocation="https://maven.apache.org/surefire/maven-surefire-plugin/xsd/surefire-test-report.xsd" name="com.wf.HelloAppEngineTest" time="0.078" tests="1" errors="0" skipped="0" failures="1">
  <properties>
[...]
</properties>
  <testcase name="test" classname="com.wf.HelloAppEngineTest" time="0.015">
    <failure message="expected:&lt;text/plain&gt; but was:&lt;null&gt;" type="java.lang.AssertionError"><![CDATA[java.lang.AssertionError: expected:<text/plain> but was:<null>
	at com.wf.HelloAppEngineTest.test(HelloAppEngineTest.java:14)
]]></failure>
  </testcase>
</testsuite>